#
# A fatal error has been detected by the Java Runtime Environment:
#
#  EXCEPTION_ACCESS_VIOLATION (0xc0000005) at pc=0x032e8400, pid=10328, tid=0x000035e0
#
# JRE version: Java(TM) SE Runtime Environment (8.0_291-b10) (build 1.8.0_291-b10)
# Java VM: Java HotSpot(TM) Client VM (25.291-b10 mixed mode windows-x86 )
# Problematic frame:
# J 29714 C1 java.lang.System.getSecurityManager()Ljava/lang/SecurityManager; (4 bytes) @ 0x032e8400 [0x032e8400+0x0]
#
# Failed to write core dump. Minidumps are not enabled by default on client versions of Windows
#
# If you would like to submit a bug report, please visit:
#   http://bugreport.java.com/bugreport/crash.jsp
#

---------------  T H R E A D  ---------------

Current thread (0x29f6a400):  JavaThread "WorkerExecutor Queue Thread 4" [_thread_in_Java, id=13792, stack(0x2fd60000,0x2fdb0000)]

siginfo: ExceptionCode=0xc0000005, writing address 0x2fda4ffc

Registers:
EAX=0x25013620, EBX=0x25013620, ECX=0x250866c8, EDX=0x02d947c4
ESP=0x2fda8ffc, EBP=0x2fda9024, ESI=0x2fda9004, EDI=0x032e8400
EIP=0x032e8400, EFLAGS=0x00010206

Top of Stack: (sp=0x2fda8ffc)
0x2fda8ffc:   02d947c4 02d947c4 2fda9004 2500fc30
0x2fda900c:   2fda9048 250866c8 00000000 2500fcb8
0x2fda901c:   2fda9004 2fda9040 2fda9060 02d90697
0x2fda902c:   00000000 00000000 00000000 00000000
0x2fda903c:   00000000 0a322490 0fac0960 1054ab30
0x2fda904c:   2fda91f0 00001fa0 29f6a400 00000003
0x2fda905c:   2fda91f0 2fda9124 679158b4 2fda90ec
0x2fda906c:   2fda9298 0000000a 2500fcb8 02d9b310 

Instructions: (pc=0x032e8400)
0x032e83e0:   00 68 02 f8 ac 67 28 ea 05 70 0b 68 01 f8 aa ff
0x032e83f0:   06 90 05 68 00 00 00 00 01 00 00 00 97 00 00 00
0x032e8400:   89 84 24 00 c0 ff ff 55 83 ec 18 b8 d0 21 ac 0f
0x032e8410:   8b 40 64 83 c4 18 5d 85 05 00 01 50 01 c3 90 90 


Register to memory mapping:

EAX={method} {0x25013624} 'getSecurityManager' '()Ljava/lang/SecurityManager;' in 'java/lang/System'
EBX={method} {0x25013624} 'getSecurityManager' '()Ljava/lang/SecurityManager;' in 'java/lang/System'
ECX=0x250866c8 is pointing into metadata
EDX=0x02d947c4 is at code_begin+1364 in an Interpreter codelet
invoke return entry points  [0x02d94270, 0x02d94910]  1696 bytes
ESP=0x2fda8ffc is pointing into the stack for thread: 0x29f6a400
EBP=0x2fda9024 is pointing into the stack for thread: 0x29f6a400
ESI=0x2fda9004 is pointing into the stack for thread: 0x29f6a400
EDI=0x032e8400 is at entry_point+0 in (nmethod*)0x032e8308


Stack: [0x2fd60000,0x2fdb0000],  sp=0x2fda8ffc,  free space=291k
Native frames: (J=compiled Java code, j=interpreted, Vv=VM code, C=native code)
J 29714 C1 java.lang.System.getSecurityManager()Ljava/lang/SecurityManager; (4 bytes) @ 0x032e8400 [0x032e8400+0x0]
C  0x2500fcb8


---------------  P R O C E S S  ---------------

Java Threads: ( => current thread )
  0x261fcc00 JavaThread "ForkJoinPool-10-worker-0" daemon [_thread_in_Java, id=11528, stack(0x3ec10000,0x3ec60000)]
  0x29f66800 JavaThread "ForkJoinPool-10-worker-2" daemon [_thread_in_Java, id=13692, stack(0x3eaf0000,0x3eb40000)]
  0x308cdc00 JavaThread "ForkJoinPool-10-worker-1" daemon [_thread_blocked, id=10252, stack(0x3ea60000,0x3eab0000)]
  0x308d0400 JavaThread "WorkerExecutor Queue Thread 5" [_thread_blocked, id=8052, stack(0x326d0000,0x32720000)]
  0x308cf400 JavaThread "stdout" [_thread_in_native, id=10836, stack(0x32640000,0x32690000)]
  0x308ce000 JavaThread "stdout" [_thread_in_native, id=5416, stack(0x325b0000,0x32600000)]
  0x308cd400 JavaThread "stderr" [_thread_in_native, id=13752, stack(0x32520000,0x32570000)]
  0x308cf000 JavaThread "stdout" [_thread_in_native, id=5676, stack(0x32480000,0x324d0000)]
  0x308cd000 JavaThread "stderr" [_thread_in_native, id=12980, stack(0x323f0000,0x32440000)]
  0x308ce800 JavaThread "stderr" [_thread_in_native, id=14108, stack(0x32360000,0x323b0000)]
  0x29d88800 JavaThread "stdout" [_thread_in_native, id=9864, stack(0x31cb0000,0x31d00000)]
  0x29f68800 JavaThread "stderr" [_thread_in_native, id=1224, stack(0x31c20000,0x31c70000)]
  0x29f67c00 JavaThread "pool-22-thread-1" [_thread_blocked, id=9788, stack(0x31b90000,0x31be0000)]
  0x29f67400 JavaThread "Java2D Disposer" daemon [_thread_blocked, id=8752, stack(0x30110000,0x30160000)]
=>0x29f6a400 JavaThread "WorkerExecutor Queue Thread 4" [_thread_in_Java, id=13792, stack(0x2fd60000,0x2fdb0000)]
  0x29f66400 JavaThread "WorkerExecutor Queue Thread 2" [_thread_blocked, id=2828, stack(0x2fc40000,0x2fc90000)]
  0x29f68400 JavaThread "WorkerExecutor Queue" [_thread_blocked, id=3932, stack(0x2fbb0000,0x2fc00000)]
  0x29f67000 JavaThread "Cache worker for execution history cache (D:\MmShop\Shopping\.gradle\6.5\executionHistory)" [_thread_blocked, id=10732, stack(0x2fb20000,0x2fb70000)]
  0x29f65400 JavaThread "Execution worker for ':' Thread 3" [_thread_in_native, id=116, stack(0x2f890000,0x2f8e0000)]
  0x29f69c00 JavaThread "Execution worker for ':' Thread 2" [_thread_blocked, id=13904, stack(0x2f5e0000,0x2f630000)]
  0x29f6b800 JavaThread "Execution worker for ':'" [_thread_blocked, id=7604, stack(0x2f350000,0x2f3a0000)]
  0x29f69000 JavaThread "Cache worker for file content cache (D:\MmShop\Shopping\.gradle\6.5\fileContent)" [_thread_blocked, id=5884, stack(0x2e630000,0x2e680000)]
  0x29f65000 JavaThread "Cache worker for Build Output Cleanup Cache (D:\MmShop\Shopping\.gradle\buildOutputCleanup)" [_thread_blocked, id=1572, stack(0x2e4a0000,0x2e4f0000)]
  0x29f64800 JavaThread "jar transforms Thread 1128" [_thread_blocked, id=12392, stack(0x2e410000,0x2e460000)]
  0x29f6b000 JavaThread "jar transforms Thread 1127" [_thread_blocked, id=6872, stack(0x2e380000,0x2e3d0000)]
  0x29f69800 JavaThread "jar transforms Thread 1126" [_thread_blocked, id=3424, stack(0x2e2f0000,0x2e340000)]
  0x29f65c00 JavaThread "jar transforms Thread 1125" [_thread_blocked, id=7660, stack(0x2e260000,0x2e2b0000)]
  0x29f6ac00 JavaThread "jar transforms Thread 1124" [_thread_blocked, id=6060, stack(0x2e1d0000,0x2e220000)]
  0x29f64000 JavaThread "jar transforms Thread 1123" [_thread_blocked, id=13288, stack(0x2e140000,0x2e190000)]
  0x2aa22400 JavaThread "jar transforms Thread 1122" [_thread_blocked, id=10956, stack(0x2e0b0000,0x2e100000)]
  0x2aa24c00 JavaThread "jar transforms Thread 1121" [_thread_blocked, id=12312, stack(0x2e020000,0x2e070000)]
  0x2aa24800 JavaThread "jar transforms Thread 1120" [_thread_blocked, id=11496, stack(0x2df90000,0x2dfe0000)]
  0x2aa22c00 JavaThread "jar transforms Thread 1119" [_thread_blocked, id=13132, stack(0x2df00000,0x2df50000)]
  0x2aa25400 JavaThread "jar transforms Thread 1118" [_thread_blocked, id=4656, stack(0x2de70000,0x2dec0000)]
  0x2aa22000 JavaThread "jar transforms Thread 1117" [_thread_blocked, id=10824, stack(0x2dde0000,0x2de30000)]
  0x2aa23400 JavaThread "jar transforms Thread 1116" [_thread_blocked, id=11656, stack(0x2dd50000,0x2dda0000)]
  0x2aa23800 JavaThread "jar transforms Thread 1115" [_thread_blocked, id=9804, stack(0x2dcc0000,0x2dd10000)]
  0x2aa24000 JavaThread "jar transforms Thread 1114" [_thread_blocked, id=4332, stack(0x2dc30000,0x2dc80000)]
  0x26130800 JavaThread "jar transforms Thread 1113" [_thread_blocked, id=14252, stack(0x2dba0000,0x2dbf0000)]
  0x2612e000 JavaThread "jar transforms Thread 1112" [_thread_blocked, id=4676, stack(0x2db10000,0x2db60000)]
  0x2612d400 JavaThread "jar transforms Thread 1111" [_thread_blocked, id=12784, stack(0x2da80000,0x2dad0000)]
  0x2612b400 JavaThread "jar transforms Thread 1110" [_thread_blocked, id=13480, stack(0x2d9f0000,0x2da40000)]
  0x2612a800 JavaThread "jar transforms Thread 1109" [_thread_blocked, id=10964, stack(0x2d960000,0x2d9b0000)]
  0x2612c800 JavaThread "jar transforms Thread 1108" [_thread_blocked, id=7252, stack(0x2d8d0000,0x2d920000)]
  0x2612c000 JavaThread "jar transforms Thread 1107" [_thread_blocked, id=9360, stack(0x2d840000,0x2d890000)]
  0x2612e800 JavaThread "jar transforms Thread 1106" [_thread_blocked, id=13316, stack(0x2d7b0000,0x2d800000)]
  0x2612cc00 JavaThread "jar transforms Thread 1105" [_thread_blocked, id=3724, stack(0x2d720000,0x2d770000)]
  0x26129400 JavaThread "jar transforms Thread 1104" [_thread_blocked, id=11416, stack(0x2d690000,0x2d6e0000)]
  0x2612a000 JavaThread "jar transforms Thread 1103" [_thread_blocked, id=2384, stack(0x2d600000,0x2d650000)]
  0x2612f000 JavaThread "jar transforms Thread 1102" [_thread_blocked, id=7500, stack(0x2d570000,0x2d5c0000)]
  0x2612bc00 JavaThread "jar transforms Thread 1101" [_thread_blocked, id=6368, stack(0x2d4e0000,0x2d530000)]
  0x26129800 JavaThread "jar transforms Thread 1100" [_thread_blocked, id=7264, stack(0x2d450000,0x2d4a0000)]
  0x2612fc00 JavaThread "jar transforms Thread 1099" [_thread_blocked, id=5272, stack(0x2d3c0000,0x2d410000)]
  0x2612f400 JavaThread "jar transforms Thread 1098" [_thread_blocked, id=5056, stack(0x2d330000,0x2d380000)]
  0x26130400 JavaThread "jar transforms Thread 1097" [_thread_blocked, id=8260, stack(0x2d2a0000,0x2d2f0000)]
  0x2612dc00 JavaThread "jar transforms Thread 1096" [_thread_blocked, id=4008, stack(0x2d210000,0x2d260000)]
  0x2612ac00 JavaThread "jar transforms Thread 1095" [_thread_blocked, id=13340, stack(0x2d180000,0x2d1d0000)]
  0x29ceec00 JavaThread "jar transforms Thread 1094" [_thread_blocked, id=7100, stack(0x2d0f0000,0x2d140000)]
  0x29cef800 JavaThread "jar transforms Thread 1093" [_thread_blocked, id=13616, stack(0x2d060000,0x2d0b0000)]
  0x29cee400 JavaThread "jar transforms Thread 1092" [_thread_blocked, id=7776, stack(0x2cfd0000,0x2d020000)]
  0x29cf4000 JavaThread "jar transforms Thread 1091" [_thread_blocked, id=13104, stack(0x2cf40000,0x2cf90000)]
  0x29cf0c00 JavaThread "jar transforms Thread 1090" [_thread_blocked, id=3388, stack(0x2ceb0000,0x2cf00000)]
  0x29cf2c00 JavaThread "jar transforms Thread 1089" [_thread_blocked, id=10272, stack(0x2ce20000,0x2ce70000)]
  0x29cf3800 JavaThread "jar transforms Thread 1088" [_thread_blocked, id=13988, stack(0x2cd90000,0x2cde0000)]
  0x29cef000 JavaThread "jar transforms Thread 1087" [_thread_blocked, id=7688, stack(0x2cd00000,0x2cd50000)]
  0x29cf4800 JavaThread "jar transforms Thread 1086" [_thread_blocked, id=6692, stack(0x2cc70000,0x2ccc0000)]
  0x29cf5400 JavaThread "jar transforms Thread 1085" [_thread_blocked, id=3364, stack(0x2cbe0000,0x2cc30000)]
  0x29cf2400 JavaThread "jar transforms Thread 1084" [_thread_blocked, id=896, stack(0x2cb50000,0x2cba0000)]
  0x29cf1400 JavaThread "jar transforms Thread 1083" [_thread_blocked, id=10604, stack(0x2cac0000,0x2cb10000)]
  0x29cf1800 JavaThread "jar transforms Thread 1082" [_thread_blocked, id=7336, stack(0x2ca30000,0x2ca80000)]
  0x29cf2000 JavaThread "jar transforms Thread 1081" [_thread_blocked, id=1088, stack(0x2c9a0000,0x2c9f0000)]
  0x29cee000 JavaThread "jar transforms Thread 1080" [_thread_blocked, id=7072, stack(0x2c910000,0x2c960000)]
  0x29cf0000 JavaThread "jar transforms Thread 1079" [_thread_blocked, id=8308, stack(0x2c880000,0x2c8d0000)]
  0x29cf0400 JavaThread "jar transforms Thread 1078" [_thread_blocked, id=2516, stack(0x2c7f0000,0x2c840000)]
  0x29cf3400 JavaThread "jar transforms Thread 1077" [_thread_blocked, id=5956, stack(0x2c760000,0x2c7b0000)]
  0x29cf4c00 JavaThread "jar transforms Thread 1076" [_thread_blocked, id=11524, stack(0x2c6d0000,0x2c720000)]
  0x26fe9c00 JavaThread "jar transforms Thread 1075" [_thread_blocked, id=12588, stack(0x2c640000,0x2c690000)]
  0x26fe8800 JavaThread "jar transforms Thread 1074" [_thread_blocked, id=7948, stack(0x2c5b0000,0x2c600000)]
  0x26fe9400 JavaThread "jar transforms Thread 1073" [_thread_blocked, id=8464, stack(0x2c520000,0x2c570000)]
  0x26fe6800 JavaThread "jar transforms Thread 1072" [_thread_blocked, id=8836, stack(0x2c490000,0x2c4e0000)]
  0x26fe8000 JavaThread "jar transforms Thread 1071" [_thread_blocked, id=8512, stack(0x2c400000,0x2c450000)]
  0x25eeb000 JavaThread "jar transforms Thread 1070" [_thread_blocked, id=7728, stack(0x2c370000,0x2c3c0000)]
  0x25eebc00 JavaThread "jar transforms Thread 1069" [_thread_blocked, id=5720, stack(0x2c2e0000,0x2c330000)]
  0x25eeac00 JavaThread "jar transforms Thread 1068" [_thread_blocked, id=8476, stack(0x2c250000,0x2c2a0000)]
  0x25ee8800 JavaThread "jar transforms Thread 1067" [_thread_blocked, id=9844, stack(0x2c1c0000,0x2c210000)]
  0x25eecc00 JavaThread "jar transforms Thread 1066" [_thread_blocked, id=1660, stack(0x2c130000,0x2c180000)]
  0x25ee8400 JavaThread "jar transforms Thread 1065" [_thread_blocked, id=1636, stack(0x2c0a0000,0x2c0f0000)]
  0x25eef400 JavaThread "jar transforms Thread 1064" [_thread_blocked, id=7112, stack(0x2c010000,0x2c060000)]
  0x25eee400 JavaThread "jar transforms Thread 1063" [_thread_blocked, id=12284, stack(0x2bf80000,0x2bfd0000)]
  0x25eec400 JavaThread "jar transforms Thread 1062" [_thread_blocked, id=12068, stack(0x2bdf0000,0x2be40000)]
  0x25eed800 JavaThread "jar transforms Thread 1061" [_thread_blocked, id=8048, stack(0x2bd60000,0x2bdb0000)]
  0x25ee9800 JavaThread "jar transforms Thread 1060" [_thread_blocked, id=1888, stack(0x2bcd0000,0x2bd20000)]
  0x25eeec00 JavaThread "jar transforms Thread 1059" [_thread_blocked, id=2724, stack(0x2bc40000,0x2bc90000)]
  0x25eeb800 JavaThread "jar transforms Thread 1058" [_thread_blocked, id=9120, stack(0x2bbb0000,0x2bc00000)]
  0x25eed000 JavaThread "jar transforms Thread 1057" [_thread_blocked, id=12408, stack(0x2bb20000,0x2bb70000)]
  0x25ee9c00 JavaThread "jar transforms Thread 1056" [_thread_blocked, id=9116, stack(0x2ba90000,0x2bae0000)]
  0x25eea400 JavaThread "jar transforms Thread 1055" [_thread_blocked, id=2580, stack(0x2ba00000,0x2ba50000)]
  0x29d83000 JavaThread "jar transforms Thread 1054" [_thread_blocked, id=9756, stack(0x2b970000,0x2b9c0000)]
  0x29d85800 JavaThread "jar transforms Thread 1053" [_thread_blocked, id=11372, stack(0x2b8e0000,0x2b930000)]
  0x29d8a000 JavaThread "jar transforms Thread 1052" [_thread_blocked, id=5032, stack(0x2b850000,0x2b8a0000)]
  0x29d82c00 JavaThread "jar transforms Thread 1051" [_thread_blocked, id=13644, stack(0x2b7c0000,0x2b810000)]
  0x29d84c00 JavaThread "jar transforms Thread 1050" [_thread_blocked, id=3948, stack(0x2b730000,0x2b780000)]
  0x29d86800 JavaThread "jar transforms Thread 1049" [_thread_blocked, id=12660, stack(0x2b6a0000,0x2b6f0000)]
  0x29d85400 JavaThread "jar transforms Thread 1048" [_thread_blocked, id=2328, stack(0x2b610000,0x2b660000)]
  0x29d89400 JavaThread "jar transforms Thread 1047" [_thread_blocked, id=12560, stack(0x2b580000,0x2b5d0000)]
  0x29d86c00 JavaThread "jar transforms Thread 1046" [_thread_blocked, id=10340, stack(0x2b4f0000,0x2b540000)]
  0x29d83800 JavaThread "jar transforms Thread 1045" [_thread_blocked, id=14036, stack(0x2b460000,0x2b4b0000)]
  0x29d88000 JavaThread "jar transforms Thread 1044" [_thread_blocked, id=4124, stack(0x2b3d0000,0x2b420000)]
  0x29d89c00 JavaThread "jar transforms Thread 1043" [_thread_blocked, id=8572, stack(0x2b340000,0x2b390000)]
  0x29d88c00 JavaThread "jar transforms Thread 1042" [_thread_blocked, id=11360, stack(0x2b2b0000,0x2b300000)]
  0x29d87800 JavaThread "jar transforms Thread 1041" [_thread_blocked, id=8036, stack(0x2b220000,0x2b270000)]
  0x29d84000 JavaThread "jar transforms Thread 1040" [_thread_blocked, id=6016, stack(0x2b190000,0x2b1e0000)]
  0x29d86000 JavaThread "jar transforms Thread 1039" [_thread_blocked, id=10376, stack(0x2b100000,0x2b150000)]
  0x29d84400 JavaThread "jar transforms Thread 1038" [_thread_blocked, id=9300, stack(0x2b070000,0x2b0c0000)]
  0x306b2800 JavaThread "jar transforms Thread 1037" [_thread_blocked, id=8400, stack(0x2afe0000,0x2b030000)]
  0x306ab400 JavaThread "jar transforms Thread 1036" [_thread_blocked, id=13012, stack(0x2ae50000,0x2aea0000)]
  0x306b1c00 JavaThread "jar transforms Thread 1035" [_thread_blocked, id=1236, stack(0x2adc0000,0x2ae10000)]
  0x306aec00 JavaThread "Build operations Thread 4" [_thread_blocked, id=10640, stack(0x2ad30000,0x2ad80000)]
  0x306ac800 JavaThread "Build operations Thread 3" [_thread_blocked, id=5352, stack(0x2aca0000,0x2acf0000)]
  0x306b0c00 JavaThread "Build operations Thread 2" [_thread_blocked, id=12676, stack(0x296b0000,0x29700000)]
  0x306b0000 JavaThread "Build operations" [_thread_blocked, id=11568, stack(0x29170000,0x291c0000)]
  0x306ad800 JavaThread "Cache worker for cache directory md-rule (C:\Users\TOSHIBA-PS\.gradle\caches\6.5\md-rule)" [_thread_blocked, id=7608, stack(0x28ee0000,0x28f30000)]
  0x306ae800 JavaThread "Cache worker for cache directory md-supplier (C:\Users\TOSHIBA-PS\.gradle\caches\6.5\md-supplier)" [_thread_blocked, id=6584, stack(0x28680000,0x286d0000)]
  0x306ae000 JavaThread "Cache worker for checksums cache (D:\MmShop\Shopping\.gradle\checksums)" [_thread_blocked, id=5840, stack(0x285f0000,0x28640000)]
  0x306ab800 JavaThread "Cache worker for file hash cache (D:\MmShop\Shopping\.gradle\6.5\fileHashes)" [_thread_blocked, id=3128, stack(0x28560000,0x285b0000)]
  0x306af400 JavaThread "Thread-1307" [_thread_blocked, id=7136, stack(0x283d0000,0x28420000)]
  0x306b0800 JavaThread "Stdin handler" [_thread_blocked, id=13468, stack(0x28340000,0x28390000)]
  0x306ad400 JavaThread "Asynchronous log dispatcher for DefaultDaemonConnection: socket connection from /127.0.0.1:53903 to /127.0.0.1:55356" [_thread_blocked, id=724, stack(0x28050000,0x280a0000)]
  0x306b1400 JavaThread "Daemon worker Thread 12" [_thread_blocked, id=12600, stack(0x27fc0000,0x28010000)]
  0x306b2000 JavaThread "Cancel handler" [_thread_blocked, id=13380, stack(0x014b0000,0x01500000)]
  0x306acc00 JavaThread "Handler for socket connection from /127.0.0.1:53903 to /127.0.0.1:55356" [_thread_in_native, id=12444, stack(0x01460000,0x014b0000)]
  0x306ac000 JavaThread "Daemon Thread 12" [_thread_blocked, id=4620, stack(0x01410000,0x01460000)]
  0x306afc00 JavaThread "Cache worker for Java compile cache (C:\Users\TOSHIBA-PS\.gradle\caches\6.5\javaCompile)" [_thread_blocked, id=13704, stack(0x2fe80000,0x2fed0000)]
  0x29d87400 JavaThread "Memory manager" [_thread_blocked, id=13156, stack(0x2f1c0000,0x2f210000)]
  0x25eee000 JavaThread "Cache worker for file content cache (C:\Users\TOSHIBA-PS\.gradle\caches\6.5\fileContent)" [_thread_blocked, id=7024, stack(0x29840000,0x29890000)]
  0x26fe9000 JavaThread "Cache worker for execution history cache (C:\Users\TOSHIBA-PS\.gradle\caches\6.5\executionHistory)" [_thread_blocked, id=124, stack(0x29320000,0x29370000)]
  0x26fe7c00 JavaThread "Cache worker for file hash cache (C:\Users\TOSHIBA-PS\.gradle\caches\6.5\fileHashes)" [_thread_blocked, id=13204, stack(0x28a50000,0x28aa0000)]
  0x26fe7400 JavaThread "File lock request listener" [_thread_in_native, id=14032, stack(0x289c0000,0x28a10000)]
  0x26fe6c00 JavaThread "Cache worker for journal cache (C:\Users\TOSHIBA-PS\.gradle\caches\journal-1)" [_thread_blocked, id=2848, stack(0x28930000,0x28980000)]
  0x26e50800 JavaThread "Daemon periodic checks" [_thread_blocked, id=10224, stack(0x282b0000,0x28300000)]
  0x26e3c800 JavaThread "Incoming local TCP Connector on port 53903" [_thread_in_native, id=9980, stack(0x280e0000,0x28130000)]
  0x26a03800 JavaThread "Daemon health stats" [_thread_blocked, id=7772, stack(0x27af0000,0x27b40000)]
  0x256d6400 JavaThread "Service Thread" daemon [_thread_blocked, id=2604, stack(0x25a00000,0x25a50000)]
  0x256b6400 JavaThread "C1 CompilerThread0" daemon [_thread_blocked, id=11132, stack(0x25970000,0x259c0000)]
  0x256b5000 JavaThread "Attach Listener" daemon [_thread_blocked, id=13008, stack(0x258e0000,0x25930000)]
  0x256b1000 JavaThread "Signal Dispatcher" daemon [_thread_blocked, id=14260, stack(0x25850000,0x258a0000)]
  0x0140b000 JavaThread "Finalizer" daemon [_thread_blocked, id=12156, stack(0x255c0000,0x25610000)]
  0x01406000 JavaThread "Reference Handler" daemon [_thread_blocked, id=8564, stack(0x25530000,0x25580000)]
  0x01340400 JavaThread "main" [_thread_blocked, id=2876, stack(0x02d20000,0x02d70000)]

Other Threads:
  0x013f0400 VMThread [stack: 0x254a0000,0x254f0000] [id=512]
  0x256e3c00 WatcherThread [stack: 0x25a90000,0x25ae0000] [id=9572]

VM state:not at safepoint (normal execution)

VM Mutex/Monitor currently owned by a thread: None

OutOfMemory and StackOverflow Exception counts:
OutOfMemoryError java_heap_errors=121
StackOverflowErrors=1

Heap:
 def new generation   total 157248K, used 88153K [0x05000000, 0x0faa0000, 0x0faa0000)
  eden space 139776K,  63% used [0x05000000, 0x0a616608, 0x0d880000)
  from space 17472K,   0% used [0x0d880000, 0x0d880000, 0x0e990000)
  to   space 17472K,   0% used [0x0e990000, 0x0e990000, 0x0faa0000)
 tenured generation   total 349568K, used 250509K [0x0faa0000, 0x25000000, 0x25000000)
   the space 349568K,  71% used [0x0faa0000, 0x1ef43600, 0x1ef43600, 0x25000000)
 Metaspace       used 62989K, capacity 66054K, committed 66176K, reserved 66944K

Card table byte_map: [0x04e10000,0x04f20000] byte_map_base: 0x04de8000

Polling page: 0x01500000

CodeCache: size=32768Kb used=11136Kb max_used=14646Kb free=21631Kb
 bounds [0x02d90000, 0x03bf8000, 0x04d90000]
 total_blobs=7063 nmethods=6552 adapters=437
 compilation: enabled

Compilation events (10 events):
Event: 3475.799 Thread 0x256b6400 33477             com.android.tools.r8.graph.g1::a (10 bytes)
Event: 3475.799 Thread 0x256b6400 nmethod 33477 0x031ef008 code [0x031ef100, 0x031ef19c]
Event: 3475.805 Thread 0x256b6400 33478             com.android.tools.r8.dex.t::b (19 bytes)
Event: 3475.806 Thread 0x256b6400 nmethod 33478 0x031eed48 code [0x031eee50, 0x031eef2c]
Event: 3475.806 Thread 0x256b6400 33479             com.android.tools.r8.graph.X0::d (18 bytes)
Event: 3475.806 Thread 0x256b6400 nmethod 33479 0x031eeb08 code [0x031eec10, 0x031eeccc]
Event: 3475.808 Thread 0x256b6400 33480   !         com.android.tools.r8.graph.f0::c (22 bytes)
Event: 3475.811 Thread 0x256b6400 nmethod 33480 0x031edf88 code [0x031ee0e0, 0x031ee55c]
Event: 3476.131 Thread 0x256b6400 33481             java.io.ObjectOutputStream$BlockDataOutputStream::getUTFLength (124 bytes)
Event: 3476.132 Thread 0x256b6400 nmethod 33481 0x031edb08 code [0x031edc20, 0x031eddcc]

GC Heap History (10 events):
Event: 3467.411 GC heap before
{Heap before GC invocations=253 (full 13):
 def new generation   total 90688K, used 90688K [0x05000000, 0x0b260000, 0x0faa0000)
  eden space 80640K, 100% used [0x05000000, 0x09ec0000, 0x09ec0000)
  from space 10048K, 100% used [0x09ec0000, 0x0a890000, 0x0a890000)
  to   space 10048K,   0% used [0x0a890000, 0x0a890000, 0x0b260000)
 tenured generation   total 200392K, used 180795K [0x0faa0000, 0x1be52000, 0x25000000)
   the space 200392K,  90% used [0x0faa0000, 0x1ab2ed88, 0x1ab2ee00, 0x1be52000)
 Metaspace       used 62842K, capacity 65775K, committed 66048K, reserved 66944K
Event: 3468.310 GC heap after
Heap after GC invocations=254 (full 14):
 def new generation   total 120832K, used 0K [0x05000000, 0x0d310000, 0x0faa0000)
  eden space 107456K,   0% used [0x05000000, 0x05000000, 0x0b8f0000)
  from space 13376K,   0% used [0x0b8f0000, 0x0b8f0000, 0x0c600000)
  to   space 13376K,   0% used [0x0c600000, 0x0c600000, 0x0d310000)
 tenured generation   total 267268K, used 160359K [0x0faa0000, 0x1ffa1000, 0x25000000)
   the space 267268K,  59% used [0x0faa0000, 0x19739dd8, 0x19739e00, 0x1ffa1000)
 Metaspace       used 62836K, capacity 65767K, committed 66048K, reserved 66944K
}
Event: 3468.905 GC heap before
{Heap before GC invocations=254 (full 14):
 def new generation   total 120832K, used 107456K [0x05000000, 0x0d310000, 0x0faa0000)
  eden space 107456K, 100% used [0x05000000, 0x0b8f0000, 0x0b8f0000)
  from space 13376K,   0% used [0x0b8f0000, 0x0b8f0000, 0x0c600000)
  to   space 13376K,   0% used [0x0c600000, 0x0c600000, 0x0d310000)
 tenured generation   total 267268K, used 160359K [0x0faa0000, 0x1ffa1000, 0x25000000)
   the space 267268K,  59% used [0x0faa0000, 0x19739dd8, 0x19739e00, 0x1ffa1000)
 Metaspace       used 62856K, capacity 65767K, committed 66048K, reserved 66944K
Event: 3469.172 GC heap after
Heap after GC invocations=255 (full 14):
 def new generation   total 120832K, used 13376K [0x05000000, 0x0d310000, 0x0faa0000)
  eden space 107456K,   0% used [0x05000000, 0x05000000, 0x0b8f0000)
  from space 13376K, 100% used [0x0c600000, 0x0d310000, 0x0d310000)
  to   space 13376K,   0% used [0x0b8f0000, 0x0b8f0000, 0x0c600000)
 tenured generation   total 267268K, used 197323K [0x0faa0000, 0x1ffa1000, 0x25000000)
   the space 267268K,  73% used [0x0faa0000, 0x1bb52c88, 0x1bb52e00, 0x1ffa1000)
 Metaspace       used 62856K, capacity 65767K, committed 66048K, reserved 66944K
}
Event: 3469.780 GC heap before
{Heap before GC invocations=255 (full 14):
 def new generation   total 120832K, used 120832K [0x05000000, 0x0d310000, 0x0faa0000)
  eden space 107456K, 100% used [0x05000000, 0x0b8f0000, 0x0b8f0000)
  from space 13376K, 100% used [0x0c600000, 0x0d310000, 0x0d310000)
  to   space 13376K,   0% used [0x0b8f0000, 0x0b8f0000, 0x0c600000)
 tenured generation   total 267268K, used 197323K [0x0faa0000, 0x1ffa1000, 0x25000000)
   the space 267268K,  73% used [0x0faa0000, 0x1bb52c88, 0x1bb52e00, 0x1ffa1000)
 Metaspace       used 62919K, capacity 65967K, committed 66048K, reserved 66944K
Event: 3470.097 GC heap after
Heap after GC invocations=256 (full 14):
 def new generation   total 120832K, used 13376K [0x05000000, 0x0d310000, 0x0faa0000)
  eden space 107456K,   0% used [0x05000000, 0x05000000, 0x0b8f0000)
  from space 13376K, 100% used [0x0b8f0000, 0x0c600000, 0x0c600000)
  to   space 13376K,   0% used [0x0c600000, 0x0c600000, 0x0d310000)
 tenured generation   total 267268K, used 240781K [0x0faa0000, 0x1ffa1000, 0x25000000)
   the space 267268K,  90% used [0x0faa0000, 0x1e5c36a8, 0x1e5c3800, 0x1ffa1000)
 Metaspace       used 62919K, capacity 65967K, committed 66048K, reserved 66944K
}
Event: 3470.816 GC heap before
{Heap before GC invocations=256 (full 14):
 def new generation   total 120832K, used 120832K [0x05000000, 0x0d310000, 0x0faa0000)
  eden space 107456K, 100% used [0x05000000, 0x0b8f0000, 0x0b8f0000)
  from space 13376K, 100% used [0x0b8f0000, 0x0c600000, 0x0c600000)
  to   space 13376K,   0% used [0x0c600000, 0x0c600000, 0x0d310000)
 tenured generation   total 267268K, used 240781K [0x0faa0000, 0x1ffa1000, 0x25000000)
   the space 267268K,  90% used [0x0faa0000, 0x1e5c36a8, 0x1e5c3800, 0x1ffa1000)
 Metaspace       used 62921K, capacity 65967K, committed 66048K, reserved 66944K
Event: 3470.948 GC heap after
Heap after GC invocations=257 (full 14):
 def new generation   total 120832K, used 13376K [0x05000000, 0x0d310000, 0x0faa0000)
  eden space 107456K,   0% used [0x05000000, 0x05000000, 0x0b8f0000)
  from space 13376K, 100% used [0x0c600000, 0x0d310000, 0x0d310000)
  to   space 13376K,   0% used [0x0b8f0000, 0x0b8f0000, 0x0c600000)
 tenured generation   total 267268K, used 254404K [0x0faa0000, 0x1ffa1000, 0x25000000)
   the space 267268K,  95% used [0x0faa0000, 0x1f311398, 0x1f311400, 0x1ffa1000)
 Metaspace       used 62921K, capacity 65967K, committed 66048K, reserved 66944K
}
Event: 3472.557 GC heap before
{Heap before GC invocations=257 (full 14):
 def new generation   total 120832K, used 120832K [0x05000000, 0x0d310000, 0x0faa0000)
  eden space 107456K, 100% used [0x05000000, 0x0b8f0000, 0x0b8f0000)
  from space 13376K, 100% used [0x0c600000, 0x0d310000, 0x0d310000)
  to   space 13376K,   0% used [0x0b8f0000, 0x0b8f0000, 0x0c600000)
 tenured generation   total 267268K, used 254404K [0x0faa0000, 0x1ffa1000, 0x25000000)
   the space 267268K,  95% used [0x0faa0000, 0x1f311398, 0x1f311400, 0x1ffa1000)
 Metaspace       used 62934K, capacity 65992K, committed 66048K, reserved 66944K
Event: 3474.306 GC heap after
Heap after GC invocations=258 (full 15):
 def new generation   total 157248K, used 0K [0x05000000, 0x0faa0000, 0x0faa0000)
  eden space 139776K,   0% used [0x05000000, 0x05000000, 0x0d880000)
  from space 17472K,   0% used [0x0d880000, 0x0d880000, 0x0e990000)
  to   space 17472K,   0% used [0x0e990000, 0x0e990000, 0x0faa0000)
 tenured generation   total 349568K, used 250509K [0x0faa0000, 0x25000000, 0x25000000)
   the space 349568K,  71% used [0x0faa0000, 0x1ef43600, 0x1ef43600, 0x25000000)
 Metaspace       used 62934K, capacity 65992K, committed 66048K, reserved 66944K
}

Deoptimization events (0 events):
No events

Classes redefined (0 events):
No events

Internal exceptions (10 events):
Event: 3457.418 Thread 0x29f6a400 Exception <a 'sun/nio/fs/WindowsException'> (0x07005d80) thrown at [C:\jenkins\workspace\8-2-build-windows-i586-cygwin\jdk8u291\1294\hotspot\src\share\vm\prims\jni.cpp, line 710]
Event: 3457.429 Thread 0x29f6a400 Exception <a 'java/lang/OutOfMemoryError'> (0x07007598) thrown at [C:\jenkins\workspace\8-2-build-windows-i586-cygwin\jdk8u291\1294\hotspot\src\share\vm\prims\jni.cpp, line 737]
Event: 3457.429 Thread 0x308d0400 Exception <a 'java/lang/OutOfMemoryError'> (0x06fe8e88) thrown at [C:\jenkins\workspace\8-2-build-windows-i586-cygwin\jdk8u291\1294\hotspot\src\share\vm\prims\jni.cpp, line 737]
Event: 3462.733 Thread 0x306af400 Exception <a 'java/lang/NoSuchMethodError': <clinit>> (0x07dbbf70) thrown at [C:\jenkins\workspace\8-2-build-windows-i586-cygwin\jdk8u291\1294\hotspot\src\share\vm\prims\jni.cpp, line 1615]
Event: 3462.736 Thread 0x306af400 Exception <a 'java/lang/NoSuchMethodError': <clinit>> (0x07dcc210) thrown at [C:\jenkins\workspace\8-2-build-windows-i586-cygwin\jdk8u291\1294\hotspot\src\share\vm\prims\jni.cpp, line 1615]
Event: 3465.596 Thread 0x29f69c00 Exception <a 'java/lang/NoSuchMethodError': <clinit>> (0x061f4f50) thrown at [C:\jenkins\workspace\8-2-build-windows-i586-cygwin\jdk8u291\1294\hotspot\src\share\vm\prims\jni.cpp, line 1615]
Event: 3466.034 Thread 0x306b1400 Exception <a 'java/lang/NoSuchMethodError': <clinit>> (0x09debd78) thrown at [C:\jenkins\workspace\8-2-build-windows-i586-cygwin\jdk8u291\1294\hotspot\src\share\vm\prims\jni.cpp, line 1615]
Event: 3466.075 Thread 0x306b1400 Exception <a 'java/lang/NoSuchMethodError': <clinit>> (0x05061018) thrown at [C:\jenkins\workspace\8-2-build-windows-i586-cygwin\jdk8u291\1294\hotspot\src\share\vm\prims\jni.cpp, line 1615]
Event: 3466.201 Thread 0x29f66400 Exception <a 'sun/nio/fs/WindowsException'> (0x05627f70) thrown at [C:\jenkins\workspace\8-2-build-windows-i586-cygwin\jdk8u291\1294\hotspot\src\share\vm\prims\jni.cpp, line 710]
Event: 3475.827 Thread 0x308cdc00 Exception <a 'sun/nio/fs/WindowsException'> (0x0a056900) thrown at [C:\jenkins\workspace\8-2-build-windows-i586-cygwin\jdk8u291\1294\hotspot\src\share\vm\prims\jni.cpp, line 710]

Events (10 events):
Event: 3476.139 loading class com/google/common/hash/Hashing$Sha1Holder
Event: 3476.139 loading class com/google/common/hash/Hashing$Sha1Holder done
Event: 3476.140 loading class org/apache/commons/codec/binary/Base64
Event: 3476.140 loading class org/apache/commons/codec/binary/Base64 done
Event: 3476.149 loading class org/apache/commons/codec/binary/BaseNCodec
Event: 3476.149 loading class org/apache/commons/codec/binary/BaseNCodec done
Event: 3476.150 loading class org/apache/commons/codec/BinaryEncoder
Event: 3476.150 loading class org/apache/commons/codec/BinaryEncoder done
Event: 3476.152 loading class org/apache/commons/codec/Encoder
Event: 3476.152 loading class org/apache/commons/codec/Encoder done


Dynamic libraries:
0x001e0000 - 0x0021e000 	C:\Program Files (x86)\Java\jdk1.8.0_291\bin\java.exe
0x779d0000 - 0x77b6a000 	C:\Windows\SYSTEM32\ntdll.dll
0x76960000 - 0x76a40000 	C:\Windows\System32\KERNEL32.DLL
0x75450000 - 0x7564f000 	C:\Windows\System32\KERNELBASE.dll
0x74c10000 - 0x74caf000 	C:\Windows\SYSTEM32\apphelp.dll
0x76f50000 - 0x76fc9000 	C:\Windows\System32\ADVAPI32.dll
0x761e0000 - 0x7629f000 	C:\Windows\System32\msvcrt.dll
0x778b0000 - 0x77926000 	C:\Windows\System32\sechost.dll
0x75650000 - 0x7570b000 	C:\Windows\System32\RPCRT4.dll
0x75190000 - 0x751b5000 	C:\Windows\System32\SspiCli.dll
0x75180000 - 0x7518a000 	C:\Windows\System32\CRYPTBASE.dll
0x75800000 - 0x75860000 	C:\Windows\System32\bcryptPrimitives.dll
0x76db0000 - 0x76f48000 	C:\Windows\System32\USER32.dll
0x779a0000 - 0x779b7000 	C:\Windows\System32\win32u.dll
0x75e00000 - 0x75e21000 	C:\Windows\System32\GDI32.dll
0x76c10000 - 0x76d6c000 	C:\Windows\System32\gdi32full.dll
0x76fe0000 - 0x7705c000 	C:\Windows\System32\msvcp_win.dll
0x75ed0000 - 0x75ff0000 	C:\Windows\System32\ucrtbase.dll
0x73a50000 - 0x73c5f000 	C:\Windows\WinSxS\x86_microsoft.windows.common-controls_6595b64144ccf1df_6.0.18362.1256_none_e62b6e72f8da69e8\COMCTL32.dll
0x751d0000 - 0x75446000 	C:\Windows\System32\combase.dll
0x76a40000 - 0x76a65000 	C:\Windows\System32\IMM32.DLL
0x74b30000 - 0x74b43000 	C:\Program Files (x86)\Java\jdk1.8.0_291\jre\bin\vcruntime140.dll
0x74ac0000 - 0x74b2f000 	C:\Program Files (x86)\Java\jdk1.8.0_291\jre\bin\msvcp140.dll
0x677b0000 - 0x67b8e000 	C:\Program Files (x86)\Java\jdk1.8.0_291\jre\bin\client\jvm.dll
0x77930000 - 0x77936000 	C:\Windows\System32\PSAPI.DLL
0x748c0000 - 0x748e4000 	C:\Windows\SYSTEM32\WINMM.dll
0x74ab0000 - 0x74ab8000 	C:\Windows\SYSTEM32\WSOCK32.dll
0x74cd0000 - 0x74cd8000 	C:\Windows\SYSTEM32\VERSION.dll
0x77940000 - 0x7799e000 	C:\Windows\System32\WS2_32.dll
0x744a0000 - 0x744c3000 	C:\Windows\SYSTEM32\WINMMBASE.dll
0x76d70000 - 0x76dab000 	C:\Windows\System32\cfgmgr32.dll
0x76fd0000 - 0x76fdf000 	C:\Windows\System32\kernel.appcore.dll
0x74aa0000 - 0x74aad000 	C:\Program Files (x86)\Java\jdk1.8.0_291\jre\bin\verify.dll
0x74a70000 - 0x74a94000 	C:\Program Files (x86)\Java\jdk1.8.0_291\jre\bin\java.dll
0x74a50000 - 0x74a64000 	C:\Program Files (x86)\Java\jdk1.8.0_291\jre\bin\zip.dll
0x75860000 - 0x75ddb000 	C:\Windows\System32\SHELL32.dll
0x75ff0000 - 0x76074000 	C:\Windows\System32\shcore.dll
0x771a0000 - 0x77761000 	C:\Windows\System32\windows.storage.dll
0x77780000 - 0x7779b000 	C:\Windows\System32\profapi.dll
0x75e30000 - 0x75e73000 	C:\Windows\System32\powrprof.dll
0x77140000 - 0x7714d000 	C:\Windows\System32\UMPDC.dll
0x75e80000 - 0x75ec4000 	C:\Windows\System32\shlwapi.dll
0x75de0000 - 0x75df3000 	C:\Windows\System32\cryptsp.dll
0x74a30000 - 0x74a47000 	C:\Program Files (x86)\Java\jdk1.8.0_291\jre\bin\net.dll
0x73540000 - 0x73592000 	C:\Windows\system32\mswsock.dll
0x74a20000 - 0x74a2f000 	C:\Program Files (x86)\Java\jdk1.8.0_291\jre\bin\nio.dll
0x74960000 - 0x74981000 	C:\Users\TOSHIBA-PS\.gradle\native\f6784746aeab05261644944871eae4fe03e0ef1612fff0a4a95f87b438bc6780\windows-i386\native-platform.dll
0x749e0000 - 0x749ec000 	C:\Program Files (x86)\Java\jdk1.8.0_291\jre\bin\management.dll
0x741c0000 - 0x741ef000 	C:\Windows\system32\rsaenh.dll
0x76470000 - 0x76489000 	C:\Windows\System32\bcrypt.dll
0x74ce0000 - 0x74cfe000 	C:\Windows\SYSTEM32\USERENV.dll
0x75120000 - 0x75152000 	C:\Windows\SYSTEM32\IPHLPAPI.DLL
0x77770000 - 0x77777000 	C:\Windows\System32\NSI.dll
0x74850000 - 0x74863000 	C:\Windows\SYSTEM32\dhcpcsvc6.DLL
0x74720000 - 0x74735000 	C:\Windows\SYSTEM32\dhcpcsvc.DLL
0x73650000 - 0x736e3000 	C:\Windows\SYSTEM32\DNSAPI.dll
0x74b50000 - 0x74b58000 	C:\Windows\SYSTEM32\WINNSI.DLL
0x749b0000 - 0x749d3000 	C:\Program Files (x86)\Java\jdk1.8.0_291\jre\bin\sunec.dll
0x746e0000 - 0x746e8000 	C:\Windows\System32\rasadhlp.dll
0x74440000 - 0x74491000 	C:\Windows\System32\fwpuclnt.dll
0x749a0000 - 0x749ab000 	C:\Program Files (x86)\Java\jdk1.8.0_291\jre\bin\sunmscapi.dll
0x76a70000 - 0x76b6b000 	C:\Windows\System32\CRYPT32.dll
0x77060000 - 0x7706e000 	C:\Windows\System32\MSASN1.dll
0x6e7a0000 - 0x6e7c1000 	C:\Windows\SYSTEM32\ncrypt.dll
0x6e770000 - 0x6e798000 	C:\Windows\SYSTEM32\NTASN1.dll
0x67ed0000 - 0x6801b000 	C:\Program Files (x86)\Java\jdk1.8.0_291\jre\bin\awt.dll
0x76b70000 - 0x76c02000 	C:\Windows\System32\OLEAUT32.dll
0x74190000 - 0x741b5000 	C:\Windows\system32\DWMAPI.DLL
0x74b90000 - 0x74c0a000 	C:\Windows\system32\uxtheme.dll
0x67ea0000 - 0x67ec6000 	C:\Program Files (x86)\Java\jdk1.8.0_291\jre\bin\dcpr.dll
0x748f0000 - 0x74919000 	C:\Windows\SYSTEM32\ntmarta.dll
0x72c50000 - 0x72ddf000 	C:\Windows\SYSTEM32\dbghelp.dll

VM Arguments:
jvm_args: -Xmx512m -Dfile.encoding=windows-1252 -Duser.country=GB -Duser.language=en -Duser.variant 
java_command: org.gradle.launcher.daemon.bootstrap.GradleDaemon 6.5
java_class_path (initial): C:\Users\TOSHIBA-PS\.gradle\wrapper\dists\gradle-6.5-all\2oz4ud9k3tuxjg84bbf55q0tn\gradle-6.5\lib\gradle-launcher-6.5.jar
Launcher Type: SUN_STANDARD

Environment Variables:
PATH=C:\Program Files (x86)\Common Files\Oracle\Java\javapath;C:\Windows\system32;C:\Windows;C:\Windows\System32\Wbem;C:\Windows\System32\WindowsPowerShell\v1.0\;C:\Windows\System32\OpenSSH\;C:\Program Files\Git\cmd;C:\Program Files\Dart\dart-sdk\bin;C:\Users\TOSHIBA-PS\AppData\Local\Microsoft\WindowsApps;C:\Users\TOSHIBA-PS\AppData\Local\GitHubDesktop\bin;C:\flutter\bin;
USERNAME=TOSHIBA-PS
OS=Windows_NT
PROCESSOR_IDENTIFIER=Intel64 Family 6 Model 37 Stepping 5, GenuineIntel



---------------  S Y S T E M  ---------------

OS: Windows 10.0 , 64 bit Build 18362 (10.0.18362.1110)

CPU:total 4 (initial active 4) (2 cores per cpu, 2 threads per core) family 6 model 37 stepping 5, cmov, cx8, fxsr, mmx, sse, sse2, sse3, ssse3, sse4.1, sse4.2, popcnt, ht, tsc, tscinvbit

Memory: 4k page, physical 3984044k(394984k free), swap 9036328k(545868k free)

vm_info: Java HotSpot(TM) Client VM (25.291-b10) for windows-x86 JRE (1.8.0_291-b10), built on Apr  9 2021 04:22:09 by "java_re" with MS VC++ 15.9 (VS2017)

time: Sun Sep 12 13:34:04 2021
timezone: West Bank Gaza Daylight Time
elapsed time: 3476.199395 seconds (0d 0h 57m 56s)

